Build started 10/2/2014 5:00:54 AM.
     1>Project "F:\ly\HW\Project2-StreamCompaction\StreamCompaction\StreamCompaction\StreamCompaction.vcxproj" on node 2 (build target(s)).
     1>InitializeBuildStatus:
         Creating "Debug\StreamCompaction.unsuccessfulbuild" because "AlwaysCreate" was specified.
       AddCudaCompileDeps:
       Skipping target "AddCudaCompileDeps" because all output files are up-to-date with respect to the input files.
       AddCudaCompilePropsDeps:
       Skipping target "AddCudaCompilePropsDeps" because all output files are up-to-date with respect to the input files.
       CudaBuild:
       Skipping target "CudaBuild" because all output files are up-to-date with respect to the input files.
       ClCompile:
         d:\Program Files (x86)\Microsoft Visual Studio 10.0\VC\bin\CL.exe /c /I"F:\ly\HW\Project2-StreamCompaction\StreamCompaction\/shared/glew/include/" /I"F:\ly\HW\Project2-StreamCompaction\StreamCompaction\/shared/freeglut/include/" /I"C:\Program Files\NVIDIA GPU Computing Toolkit\CUDA\v6.5\include" /I"C:\Program Files\NVIDIA GPU Computing Toolkit\CUDA\v6.5\include" /ZI /nologo /W3 /WX- /Od /Oy- /D WIN32 /D _DEBUG /D _CONSOLE /D _UNICODE /D UNICODE /Gm /EHsc /RTC1 /MDd /GS /fp:precise /Zc:wchar_t /Zc:forScope /Fo"Debug\\" /Fd"Debug\vc100.pdb" /Gd /TP /analyze- /errorReport:prompt main.cpp
         main.cpp
     1>c:\program files\nvidia gpu computing toolkit\cuda\v6.5\include\thrust\system\detail\error_category.inl(102): warning C4996: 'strerror': This function or variable may be unsafe. Consider using strerror_s instead. To disable deprecation, use _CRT_SECURE_NO_WARNINGS. See online help for details.
                 d:\program files (x86)\microsoft visual studio 10.0\vc\include\string.h(157) : see declaration of 'strerror'
       ManifestResourceCompile:
         All outputs are up-to-date.
       Link:
         d:\Program Files (x86)\Microsoft Visual Studio 10.0\VC\bin\link.exe /ERRORREPORT:PROMPT /OUT:"F:\ly\HW\Project2-StreamCompaction\StreamCompaction\Debug\StreamCompaction.exe" /INCREMENTAL /NOLOGO /LIBPATH:"F:\ly\HW\Project2-StreamCompaction\StreamCompaction\/shared/glew/lib" /LIBPATH:"F:\ly\HW\Project2-StreamCompaction\StreamCompaction\/shared/freeglut/lib" /LIBPATH:"C:\Program Files\NVIDIA GPU Computing Toolkit\CUDA\v6.5\lib\Win32" /LIBPATH:"C:\Program Files\NVIDIA GPU Computing Toolkit\CUDA\v6.5\lib\Win32" opengl32.lib glut32.lib freeglut.lib cudart.lib kernel32.lib user32.lib gdi32.lib winspool.lib comdlg32.lib advapi32.lib shell32.lib ole32.lib oleaut32.lib uuid.lib odbc32.lib odbccp32.lib /MANIFEST /ManifestFile:"Debug\StreamCompaction.exe.intermediate.manifest" /MANIFESTUAC:"level='asInvoker' uiAccess='false'" /DEBUG /PDB:"F:\ly\HW\Project2-StreamCompaction\StreamCompaction\Debug\StreamCompaction.pdb" /SUBSYSTEM:CONSOLE /TLBID:1 /DYNAMICBASE /NXCOMPAT /IMPLIB:"F:\ly\HW\Project2-StreamCompaction\StreamCompaction\Debug\StreamCompaction.lib" /MACHINE:X86 Debug\StreamCompaction.cu.obj
         Debug\StreamCompaction.exe.embed.manifest.res
         Debug\main.obj
       Manifest:
         C:\Program Files (x86)\Microsoft SDKs\Windows\v7.0A\bin\mt.exe /nologo /verbose /out:"Debug\StreamCompaction.exe.embed.manifest" /manifest Debug\StreamCompaction.exe.intermediate.manifest
         All outputs are up-to-date.
       LinkEmbedManifest:
         All outputs are up-to-date.
         StreamCompaction.vcxproj -> F:\ly\HW\Project2-StreamCompaction\StreamCompaction\Debug\StreamCompaction.exe
       FinalizeBuildStatus:
         Deleting file "Debug\StreamCompaction.unsuccessfulbuild".
         Touching "Debug\StreamCompaction.lastbuildstate".
     1>Done Building Project "F:\ly\HW\Project2-StreamCompaction\StreamCompaction\StreamCompaction\StreamCompaction.vcxproj" (build target(s)).

Build succeeded.

Time Elapsed 00:00:02.60
