F:\LY\HW\PROJECT2-STREAMCOMPACTION\STREAMCOMPACTION\DEBUG\STREAMCOMPACTION.EXE
F:\LY\HW\PROJECT2-STREAMCOMPACTION\STREAMCOMPACTION\DEBUG\STREAMCOMPACTION.ILK
F:\LY\HW\PROJECT2-STREAMCOMPACTION\STREAMCOMPACTION\DEBUG\STREAMCOMPACTION.PDB
F:\ly\HW\Project2-StreamCompaction\StreamCompaction\StreamCompaction\Debug\cl.command.1.tlog
F:\ly\HW\Project2-StreamCompaction\StreamCompaction\StreamCompaction\Debug\CL.read.1.tlog
F:\ly\HW\Project2-StreamCompaction\StreamCompaction\StreamCompaction\Debug\CL.write.1.tlog
F:\ly\HW\Project2-StreamCompaction\StreamCompaction\StreamCompaction\Debug\link.1740.read.1.tlog
F:\ly\HW\Project2-StreamCompaction\StreamCompaction\StreamCompaction\Debug\link.1740.write.1.tlog
F:\ly\HW\Project2-StreamCompaction\StreamCompaction\StreamCompaction\Debug\link.1740-cvtres.read.1.tlog
F:\ly\HW\Project2-StreamCompaction\StreamCompaction\StreamCompaction\Debug\link.1740-cvtres.write.1.tlog
F:\ly\HW\Project2-StreamCompaction\StreamCompaction\StreamCompaction\Debug\link.3480.read.1.tlog
F:\ly\HW\Project2-StreamCompaction\StreamCompaction\StreamCompaction\Debug\link.3480.write.1.tlog
F:\ly\HW\Project2-StreamCompaction\StreamCompaction\StreamCompaction\Debug\link.3480-cvtres.read.1.tlog
F:\ly\HW\Project2-StreamCompaction\StreamCompaction\StreamCompaction\Debug\link.3480-cvtres.write.1.tlog
F:\ly\HW\Project2-StreamCompaction\StreamCompaction\StreamCompaction\Debug\link.4164.read.1.tlog
F:\ly\HW\Project2-StreamCompaction\StreamCompaction\StreamCompaction\Debug\link.4164.write.1.tlog
F:\ly\HW\Project2-StreamCompaction\StreamCompaction\StreamCompaction\Debug\link.4164-cvtres.read.1.tlog
F:\ly\HW\Project2-StreamCompaction\StreamCompaction\StreamCompaction\Debug\link.4164-cvtres.write.1.tlog
F:\ly\HW\Project2-StreamCompaction\StreamCompaction\StreamCompaction\Debug\link.5824.read.1.tlog
F:\ly\HW\Project2-StreamCompaction\StreamCompaction\StreamCompaction\Debug\link.5824.write.1.tlog
F:\ly\HW\Project2-StreamCompaction\StreamCompaction\StreamCompaction\Debug\link.5824-cvtres.read.1.tlog
F:\ly\HW\Project2-StreamCompaction\StreamCompaction\StreamCompaction\Debug\link.5824-cvtres.write.1.tlog
F:\ly\HW\Project2-StreamCompaction\StreamCompaction\StreamCompaction\Debug\link.6044.read.1.tlog
F:\ly\HW\Project2-StreamCompaction\StreamCompaction\StreamCompaction\Debug\link.6044.write.1.tlog
F:\ly\HW\Project2-StreamCompaction\StreamCompaction\StreamCompaction\Debug\link.6044-cvtres.read.1.tlog
F:\ly\HW\Project2-StreamCompaction\StreamCompaction\StreamCompaction\Debug\link.6044-cvtres.write.1.tlog
F:\ly\HW\Project2-StreamCompaction\StreamCompaction\StreamCompaction\Debug\link.7032.read.1.tlog
F:\ly\HW\Project2-StreamCompaction\StreamCompaction\StreamCompaction\Debug\link.7032.write.1.tlog
F:\ly\HW\Project2-StreamCompaction\StreamCompaction\StreamCompaction\Debug\link.7032-cvtres.read.1.tlog
F:\ly\HW\Project2-StreamCompaction\StreamCompaction\StreamCompaction\Debug\link.7032-cvtres.write.1.tlog
F:\ly\HW\Project2-StreamCompaction\StreamCompaction\StreamCompaction\Debug\link.command.1.tlog
F:\ly\HW\Project2-StreamCompaction\StreamCompaction\StreamCompaction\Debug\link.read.1.tlog
F:\ly\HW\Project2-StreamCompaction\StreamCompaction\StreamCompaction\Debug\link.write.1.tlog
F:\ly\HW\Project2-StreamCompaction\StreamCompaction\StreamCompaction\Debug\link-cvtres.read.1.tlog
F:\ly\HW\Project2-StreamCompaction\StreamCompaction\StreamCompaction\Debug\link-cvtres.write.1.tlog
F:\LY\HW\PROJECT2-STREAMCOMPACTION\STREAMCOMPACTION\STREAMCOMPACTION\DEBUG\MAIN.OBJ
F:\ly\HW\Project2-StreamCompaction\StreamCompaction\StreamCompaction\Debug\mt.command.1.tlog
F:\ly\HW\Project2-StreamCompaction\StreamCompaction\StreamCompaction\Debug\mt.read.1.tlog
F:\ly\HW\Project2-StreamCompaction\StreamCompaction\StreamCompaction\Debug\mt.write.1.tlog
F:\ly\HW\Project2-StreamCompaction\StreamCompaction\StreamCompaction\Debug\rc.command.1.tlog
F:\ly\HW\Project2-StreamCompaction\StreamCompaction\StreamCompaction\Debug\rc.read.1.tlog
F:\ly\HW\Project2-StreamCompaction\StreamCompaction\StreamCompaction\Debug\rc.write.1.tlog
F:\ly\HW\Project2-StreamCompaction\StreamCompaction\StreamCompaction\Debug\StreamCompaction.cu.cache
F:\ly\HW\Project2-StreamCompaction\StreamCompaction\StreamCompaction\Debug\StreamCompaction.cu.obj
F:\LY\HW\PROJECT2-STREAMCOMPACTION\STREAMCOMPACTION\STREAMCOMPACTION\DEBUG\STREAMCOMPACTION.EXE.EMBED.MANIFEST
F:\LY\HW\PROJECT2-STREAMCOMPACTION\STREAMCOMPACTION\STREAMCOMPACTION\DEBUG\STREAMCOMPACTION.EXE.EMBED.MANIFEST.RES
F:\LY\HW\PROJECT2-STREAMCOMPACTION\STREAMCOMPACTION\STREAMCOMPACTION\DEBUG\STREAMCOMPACTION.EXE.INTERMEDIATE.MANIFEST
F:\ly\HW\Project2-StreamCompaction\StreamCompaction\StreamCompaction\Debug\StreamCompaction.vcxprojResolveAssemblyReference.cache
F:\ly\HW\Project2-StreamCompaction\StreamCompaction\StreamCompaction\Debug\StreamCompaction.write.1.tlog
F:\ly\HW\Project2-StreamCompaction\StreamCompaction\StreamCompaction\Debug\StreamCompaction_manifest.rc
F:\ly\HW\Project2-StreamCompaction\StreamCompaction\StreamCompaction\Debug\vc100.idb
F:\LY\HW\PROJECT2-STREAMCOMPACTION\STREAMCOMPACTION\STREAMCOMPACTION\DEBUG\VC100.PDB
